TroxzyXploit1/app/build/intermediates/manifest_merge_blame_file/debug/manifest-merger-blame-debug-report.txt
1<?xml version="1.0" encoding="utf-8"?>
2<manifest xmlns:android="http://schemas.android.com/apk/res/android"
3    package="com.troxzy.xploit"
4    android:versionCode="1"
5    android:versionName="1.0.0" >
6
7    <uses-sdk
8        android:minSdkVersion="24"
9        android:targetSdkVersion="35" />
10
11    <!-- Network permissions -->
12    <uses-permission android:name="android.permission.INTERNET" />
12-->src/main/AndroidManifest.xml:6:5-67
12-->src/main/AndroidManifest.xml:6:22-64
13    <uses-permission android:name="android.permission.ACCESS_NETWORK_STATE" />
13-->src/main/AndroidManifest.xml:7:5-79
13-->src/main/AndroidManifest.xml:7:22-76
14    <uses-permission android:name="android.permission.ACCESS_WIFI_STATE" />
14-->src/main/AndroidManifest.xml:8:5-76
14-->src/main/AndroidManifest.xml:8:22-73
15    <uses-permission android:name="android.permission.CHANGE_WIFI_STATE" />
15-->src/main/AndroidManifest.xml:9:5-76
15-->src/main/AndroidManifest.xml:9:22-73
16    <uses-permission android:name="android.permission.CHANGE_WIFI_MULTICAST_STATE" />
16-->src/main/AndroidManifest.xml:10:5-86
16-->src/main/AndroidManifest.xml:10:22-83
17
18    <!-- Location for WiFi scanning -->
19    <uses-permission android:name="android.permission.ACCESS_FINE_LOCATION" />
19-->src/main/AndroidManifest.xml:13:5-79
19-->src/main/AndroidManifest.xml:13:22-76
20    <uses-permission android:name="android.permission.ACCESS_COARSE_LOCATION" />
20-->src/main/AndroidManifest.xml:14:5-81
20-->src/main/AndroidManifest.xml:14:22-78
21
22    <!-- Storage -->
23    <uses-permission android:name="android.permission.READ_EXTERNAL_STORAGE" />
23-->src/main/AndroidManifest.xml:17:5-80
23-->src/main/AndroidManifest.xml:17:22-77
24    <uses-permission
24-->src/main/AndroidManifest.xml:18:5-19:38
25        android:name="android.permission.WRITE_EXTERNAL_STORAGE"
25-->src/main/AndroidManifest.xml:18:22-78
26        android:maxSdkVersion="28" />
26-->src/main/AndroidManifest.xml:19:9-35
27    <uses-permission android:name="android.permission.READ_MEDIA_IMAGES" />
27-->src/main/AndroidManifest.xml:20:5-76
27-->src/main/AndroidManifest.xml:20:22-73
28
29    <!-- Camera for image reverse search -->
30    <uses-permission android:name="android.permission.CAMERA" />
30-->src/main/AndroidManifest.xml:23:5-65
30-->src/main/AndroidManifest.xml:23:22-62
31
32    <!-- Microphone for voice input -->
33    <uses-permission android:name="android.permission.RECORD_AUDIO" />
33-->src/main/AndroidManifest.xml:26:5-71
33-->src/main/AndroidManifest.xml:26:22-68
34
35    <!-- Biometric -->
36    <uses-permission android:name="android.permission.USE_BIOMETRIC" />
36-->src/main/AndroidManifest.xml:29:5-72
36-->src/main/AndroidManifest.xml:29:22-69
37
38    <!-- Foreground service for VPN/packet capture -->
39    <uses-permission android:name="android.permission.FOREGROUND_SERVICE" />
39-->src/main/AndroidManifest.xml:32:5-77
39-->src/main/AndroidManifest.xml:32:22-74
40    <uses-permission android:name="android.permission.FOREGROUND_SERVICE_SPECIAL_USE" />
40-->src/main/AndroidManifest.xml:33:5-89
40-->src/main/AndroidManifest.xml:33:22-86
41
42    <!-- Vibration -->
43    <uses-permission android:name="android.permission.VIBRATE" />
43-->src/main/AndroidManifest.xml:36:5-66
43-->src/main/AndroidManifest.xml:36:22-63
44
45    <!-- Notification -->
46    <uses-permission android:name="android.permission.POST_NOTIFICATIONS" />
46-->src/main/AndroidManifest.xml:39:5-77
46-->src/main/AndroidManifest.xml:39:22-74
47
48    <uses-feature
48-->src/main/AndroidManifest.xml:41:5-85
49        android:name="android.hardware.camera"
49-->src/main/AndroidManifest.xml:41:19-57
50        android:required="false" />
50-->src/main/AndroidManifest.xml:41:58-82
51    <uses-feature
51-->src/main/AndroidManifest.xml:42:5-83
52        android:name="android.hardware.wifi"
52-->src/main/AndroidManifest.xml:42:19-55
53        android:required="false" />
53-->src/main/AndroidManifest.xml:42:56-80
54    <uses-feature
54-->src/main/AndroidManifest.xml:43:5-91
55        android:name="android.hardware.location.gps"
55-->src/main/AndroidManifest.xml:43:19-63
56        android:required="false" />
56-->src/main/AndroidManifest.xml:43:64-88
57
58    <!-- suppress DeprecatedClassUsageInspection -->
59    <uses-permission android:name="android.permission.USE_FINGERPRINT" />
59-->[androidx.biometric:biometric:1.2.0-alpha05] AndroidManifest.xml:25:5-74
59-->[androidx.biometric:biometric:1.2.0-alpha05] AndroidManifest.xml:25:22-71
60
61    <permission
61-->[androidx.core:core:1.15.0] AndroidManifest.xml:22:5-24:47
62        android:name="com.troxzy.xploit.DYNAMIC_RECEIVER_NOT_EXPORTED_PERMISSION"
62-->[androidx.core:core:1.15.0] AndroidManifest.xml:23:9-81
63        android:protectionLevel="signature" />
63-->[androidx.core:core:1.15.0] AndroidManifest.xml:24:9-44
64
65    <uses-permission android:name="com.troxzy.xploit.DYNAMIC_RECEIVER_NOT_EXPORTED_PERMISSION" />
65-->[androidx.core:core:1.15.0] AndroidManifest.xml:26:5-97
65-->[androidx.core:core:1.15.0] AndroidManifest.xml:26:22-94
66
67    <application
67-->src/main/AndroidManifest.xml:45:5-78:19
68        android:name="com.troxzy.xploit.TroxzyApp"
68-->src/main/AndroidManifest.xml:46:9-34
69        android:allowBackup="true"
69-->src/main/AndroidManifest.xml:47:9-35
70        android:appComponentFactory="androidx.core.app.CoreComponentFactory"
70-->[androidx.core:core:1.15.0] AndroidManifest.xml:28:18-86
71        android:debuggable="true"
72        android:extractNativeLibs="false"
73        android:icon="@mipmap/ic_launcher"
73-->src/main/AndroidManifest.xml:48:9-43
74        android:label="@string/app_name"
74-->src/main/AndroidManifest.xml:49:9-41
75        android:roundIcon="@mipmap/ic_launcher_round"
75-->src/main/AndroidManifest.xml:50:9-54
76        android:supportsRtl="true"
76-->src/main/AndroidManifest.xml:51:9-35
77        android:theme="@style/Theme.TroxzyXploit.Splash" >
77-->src/main/AndroidManifest.xml:52:9-57
78        <activity
78-->src/main/AndroidManifest.xml:55:9-65:20
79            android:name="com.troxzy.xploit.MainActivity"
79-->src/main/AndroidManifest.xml:56:13-41
80            android:configChanges="orientation|screenSize|screenLayout|keyboardHidden"
80-->src/main/AndroidManifest.xml:60:13-87
81            android:exported="true"
81-->src/main/AndroidManifest.xml:57:13-36
82            android:theme="@style/Theme.TroxzyXploit.Splash"
82-->src/main/AndroidManifest.xml:58:13-61
83            android:windowSoftInputMode="adjustResize" >
83-->src/main/AndroidManifest.xml:59:13-55
84            <intent-filter>
84-->src/main/AndroidManifest.xml:61:13-64:29
85                <action android:name="android.intent.action.MAIN" />
85-->src/main/AndroidManifest.xml:62:17-69
85-->src/main/AndroidManifest.xml:62:25-66
86
87                <category android:name="android.intent.category.LAUNCHER" />
87-->src/main/AndroidManifest.xml:63:17-77
87-->src/main/AndroidManifest.xml:63:27-74
88            </intent-filter>
89        </activity>
90
91        <!-- VPN Service for packet sniffer -->
92        <service
92-->src/main/AndroidManifest.xml:68:9-76:19
93            android:name="com.troxzy.xploit.service.PacketCaptureVpnService"
93-->src/main/AndroidManifest.xml:69:13-60
94            android:exported="false"
94-->src/main/AndroidManifest.xml:70:13-37
95            android:foregroundServiceType="specialUse"
95-->src/main/AndroidManifest.xml:72:13-55
96            android:permission="android.permission.BIND_VPN_SERVICE" >
96-->src/main/AndroidManifest.xml:71:13-69
97            <intent-filter>
97-->src/main/AndroidManifest.xml:73:13-75:29
98                <action android:name="android.net.VpnService" />
98-->src/main/AndroidManifest.xml:74:17-65
98-->src/main/AndroidManifest.xml:74:25-62
99            </intent-filter>
100        </service>
101        <service
101-->[androidx.room:room-runtime:2.6.1] AndroidManifest.xml:24:9-28:63
102            android:name="androidx.room.MultiInstanceInvalidationService"
102-->[androidx.room:room-runtime:2.6.1] AndroidManifest.xml:25:13-74
103            android:directBootAware="true"
103-->[androidx.room:room-runtime:2.6.1] AndroidManifest.xml:26:13-43
104            android:exported="false" />
104-->[androidx.room:room-runtime:2.6.1] AndroidManifest.xml:27:13-37
105
106        <provider
106-->[androidx.emoji2:emoji2:1.3.0] AndroidManifest.xml:24:9-32:20
107            android:name="androidx.startup.InitializationProvider"
107-->[androidx.emoji2:emoji2:1.3.0] AndroidManifest.xml:25:13-67
108            android:authorities="com.troxzy.xploit.androidx-startup"
108-->[androidx.emoji2:emoji2:1.3.0] AndroidManifest.xml:26:13-68
109            android:exported="false" >
109-->[androidx.emoji2:emoji2:1.3.0] AndroidManifest.xml:27:13-37
110            <meta-data
110-->[androidx.emoji2:emoji2:1.3.0] AndroidManifest.xml:29:13-31:52
111                android:name="androidx.emoji2.text.EmojiCompatInitializer"
111-->[androidx.emoji2:emoji2:1.3.0] AndroidManifest.xml:30:17-75
112                android:value="androidx.startup" />
112-->[androidx.emoji2:emoji2:1.3.0] AndroidManifest.xml:31:17-49
113            <meta-data
113-->[androidx.lifecycle:lifecycle-process:2.8.3] AndroidManifest.xml:29:13-31:52
114                android:name="androidx.lifecycle.ProcessLifecycleInitializer"
114-->[androidx.lifecycle:lifecycle-process:2.8.3] AndroidManifest.xml:30:17-78
115                android:value="androidx.startup" />
115-->[androidx.lifecycle:lifecycle-process:2.8.3] AndroidManifest.xml:31:17-49
116            <meta-data
116-->[androidx.profileinstaller:profileinstaller:1.3.1] AndroidManifest.xml:29:13-31:52
117                android:name="androidx.profileinstaller.ProfileInstallerInitializer"
117-->[androidx.profileinstaller:profileinstaller:1.3.1] AndroidManifest.xml:30:17-85
118                android:value="androidx.startup" />
118-->[androidx.profileinstaller:profileinstaller:1.3.1] AndroidManifest.xml:31:17-49
119        </provider>
120
121        <receiver
121-->[androidx.profileinstaller:profileinstaller:1.3.1] AndroidManifest.xml:34:9-52:20
122            android:name="androidx.profileinstaller.ProfileInstallReceiver"
122-->[androidx.profileinstaller:profileinstaller:1.3.1] AndroidManifest.xml:35:13-76
123            android:directBootAware="false"
123-->[androidx.profileinstaller:profileinstaller:1.3.1] AndroidManifest.xml:36:13-44
124            android:enabled="true"
124-->[androidx.profileinstaller:profileinstaller:1.3.1] AndroidManifest.xml:37:13-35
125            android:exported="true"
125-->[androidx.profileinstaller:profileinstaller:1.3.1] AndroidManifest.xml:38:13-36
126            android:permission="android.permission.DUMP" >
126-->[androidx.profileinstaller:profileinstaller:1.3.1] AndroidManifest.xml:39:13-57
127            <intent-filter>
127-->[androidx.profileinstaller:profileinstaller:1.3.1] AndroidManifest.xml:40:13-42:29
128                <action android:name="androidx.profileinstaller.action.INSTALL_PROFILE" />
128-->[androidx.profileinstaller:profileinstaller:1.3.1] AndroidManifest.xml:41:17-91
128-->[androidx.profileinstaller:profileinstaller:1.3.1] AndroidManifest.xml:41:25-88
129            </intent-filter>
130            <intent-filter>
130-->[androidx.profileinstaller:profileinstaller:1.3.1] AndroidManifest.xml:43:13-45:29
131                <action android:name="androidx.profileinstaller.action.SKIP_FILE" />
131-->[androidx.profileinstaller:profileinstaller:1.3.1] AndroidManifest.xml:44:17-85
131-->[androidx.profileinstaller:profileinstaller:1.3.1] AndroidManifest.xml:44:25-82
132            </intent-filter>
133            <intent-filter>
133-->[androidx.profileinstaller:profileinstaller:1.3.1] AndroidManifest.xml:46:13-48:29
134                <action android:name="androidx.profileinstaller.action.SAVE_PROFILE" />
134-->[androidx.profileinstaller:profileinstaller:1.3.1] AndroidManifest.xml:47:17-88
134-->[androidx.profileinstaller:profileinstaller:1.3.1] AndroidManifest.xml:47:25-85
135            </intent-filter>
136            <intent-filter>
136-->[androidx.profileinstaller:profileinstaller:1.3.1] AndroidManifest.xml:49:13-51:29
137                <action android:name="androidx.profileinstaller.action.BENCHMARK_OPERATION" />
137-->[androidx.profileinstaller:profileinstaller:1.3.1] AndroidManifest.xml:50:17-95
137-->[androidx.profileinstaller:profileinstaller:1.3.1] AndroidManifest.xml:50:25-92
138            </intent-filter>
139        </receiver>
140    </application>
141
142</manifest>